This file contains any messages produced by compilers while
running configure, to aid debugging if configure makes a mistake.

It was created by reSID configure 1.0-pre2, which was
generated by GNU Autoconf 2.69.  Invocation command line was

  $ ../configure --no-create --no-recursion

## --------- ##
## Platform. ##
## --------- ##

hostname = luggage.fritz.box
uname -m = x86_64
uname -r = 20.1.0
uname -s = Darwin
uname -v = Darwin Kernel Version 20.1.0: Sat Oct 31 00:07:11 PDT 2020; root:xnu-7195.50.7~2/RELEASE_X86_64

/usr/bin/uname -p = i386
/bin/uname -X     = unknown

/bin/arch              = unknown
/usr/bin/arch -k       = unknown
/usr/convex/getsysinfo = unknown
/usr/bin/hostinfo      = Mach kernel version:
	 Darwin Kernel Version 20.1.0: Sat Oct 31 00:07:11 PDT 2020; root:xnu-7195.50.7~2/RELEASE_X86_64
Kernel configured for up to 8 processors.
4 processors are physically available.
8 processors are logically available.
Processor type: x86_64h (Intel x86-64h Haswell)
Processors active: 0 1 2 3 4 5 6 7
Primary memory available: 16.00 gigabytes
Default processor set: 619 tasks, 2321 threads, 8 processors
Load average: 5.09, Mach factor: 3.82
/bin/machine           = unknown
/usr/bin/oslevel       = unknown
/bin/universe          = unknown

PATH: /usr/local/Cellar/pyenv-virtualenv/1.1.5/shims
PATH: /Users/chris/.pyenv/shims
PATH: /Library/Frameworks/Python.framework/Versions/2.7/bin
PATH: /Library/Frameworks/Python.framework/Versions/3.7/bin
PATH: /usr/local/bin
PATH: /usr/bin
PATH: /bin
PATH: /usr/sbin
PATH: /sbin
PATH: /usr/local/MacGPG2/bin
PATH: /opt/X11/bin
PATH: /Library/Apple/usr/bin
PATH: /Applications/Wireshark.app/Contents/MacOS
PATH: /Users/chris/bin
PATH: /opt/m68k-aros
PATH: /opt/m68k-amigaos/bin
PATH: /opt/gcc-arm-none-eabi/bin
PATH: /Users/chris/projects/amiga-gcc/install/bin


## ----------- ##
## Core tests. ##
## ----------- ##

configure:2294: checking for a BSD-compatible install
configure:2362: result: /usr/local/bin/ginstall -c
configure:2373: checking whether build environment is sane
configure:2428: result: yes
configure:2574: checking for a thread-safe mkdir -p
configure:2613: result: /usr/local/bin/gmkdir -p
configure:2620: checking for gawk
configure:2636: found /usr/local/bin/gawk
configure:2647: result: gawk
configure:2658: checking whether make sets $(MAKE)
configure:2680: result: yes
configure:2709: checking whether make supports nested variables
configure:2726: result: yes
configure:2865: checking build system type
configure:2879: result: x86_64-apple-darwin20.1.0
configure:2899: checking host system type
configure:2912: result: x86_64-apple-darwin20.1.0
configure:3060: checking for g++
configure:3076: found /usr/bin/g++
configure:3087: result: g++
configure:3114: checking for C++ compiler version
configure:3123: g++ --version >&5
Apple clang version 12.0.0 (clang-1200.0.32.27)
Target: x86_64-apple-darwin20.1.0
Thread model: posix
InstalledDir: /Applications/Xcode.app/Contents/Developer/Toolchains/XcodeDefault.xctoolchain/usr/bin
Configured with: --prefix=/Applications/Xcode.app/Contents/Developer/usr --with-gxx-include-dir=/Applications/Xcode.app/Contents/Developer/Platforms/MacOSX.platform/Developer/SDKs/MacOSX.sdk/usr/include/c++/4.2.1
configure:3134: $? = 0
configure:3123: g++ -v >&5
Configured with: --prefix=/Applications/Xcode.app/Contents/Developer/usr --with-gxx-include-dir=/Applications/Xcode.app/Contents/Developer/Platforms/MacOSX.platform/Developer/SDKs/MacOSX.sdk/usr/include/c++/4.2.1
Apple clang version 12.0.0 (clang-1200.0.32.27)
Target: x86_64-apple-darwin20.1.0
Thread model: posix
InstalledDir: /Applications/Xcode.app/Contents/Developer/Toolchains/XcodeDefault.xctoolchain/usr/bin
configure:3134: $? = 0
configure:3123: g++ -V >&5
clang: error: argument to '-V' is missing (expected 1 value)
clang: error: no input files
configure:3134: $? = 1
configure:3123: g++ -qversion >&5
clang: error: unknown argument '-qversion'; did you mean '--version'?
clang: error: no input files
configure:3134: $? = 1
configure:3154: checking whether the C++ compiler works
configure:3176: g++    conftest.cpp  >&5
configure:3180: $? = 0
configure:3228: result: yes
configure:3231: checking for C++ compiler default output file name
configure:3233: result: a.out
configure:3239: checking for suffix of executables
configure:3246: g++ -o conftest    conftest.cpp  >&5
configure:3250: $? = 0
configure:3272: result: 
configure:3294: checking whether we are cross compiling
configure:3302: g++ -o conftest    conftest.cpp  >&5
configure:3306: $? = 0
configure:3313: ./conftest
configure:3317: $? = 0
configure:3332: result: no
configure:3337: checking for suffix of object files
configure:3359: g++ -c   conftest.cpp >&5
configure:3363: $? = 0
configure:3384: result: o
configure:3388: checking whether we are using the GNU C++ compiler
configure:3407: g++ -c   conftest.cpp >&5
configure:3407: $? = 0
configure:3416: result: yes
configure:3425: checking whether g++ accepts -g
configure:3445: g++ -c -g  conftest.cpp >&5
configure:3445: $? = 0
configure:3486: result: yes
configure:3512: checking whether make supports the include directive
configure:3527: make -f confmf.GNU && cat confinc.out
this is the am__doit target
configure:3530: $? = 0
configure:3549: result: yes (GNU style)
configure:3574: checking dependency style of g++
configure:3685: result: gcc3
configure:3705: checking if the compiler supports -march=native
configure:3721: g++ -c -g -O2 -march=native  conftest.cpp >&5
configure:3721: $? = 0
configure:3722: result: yes
configure:3765: checking whether g++ accepts -g -Wall -O3 -march=native -ffast-math -fno-exceptions
configure:3771: g++ -c -g -Wall -O3 -march=native -ffast-math -fno-exceptions  conftest.cpp >&5
configure:3771: $? = 0
configure:3772: result: yes
configure:3807: checking for ar
configure:3823: found /usr/bin/ar
configure:3835: result: ar
configure:3886: checking for ranlib
configure:3902: found /usr/bin/ranlib
configure:3913: result: ranlib
configure:3937: checking for perl
configure:3955: found /usr/bin/perl
configure:3967: result: /usr/bin/perl
configure:3982: checking how to run the C++ preprocessor
configure:4009: g++ -E  conftest.cpp
configure:4009: $? = 0
configure:4023: g++ -E  conftest.cpp
conftest.cpp:11:10: fatal error: 'ac_nonexistent.h' file not found
#include <ac_nonexistent.h>
         ^~~~~~~~~~~~~~~~~~
1 error generated.
configure:4023: $? = 1
configure: failed program was:
| /* confdefs.h */
| #define PACKAGE_NAME "reSID"
| #define PACKAGE_TARNAME "resid"
| #define PACKAGE_VERSION "1.0-pre2"
| #define PACKAGE_STRING "reSID 1.0-pre2"
| #define PACKAGE_BUGREPORT "resid@nimrod.no"
| #define PACKAGE_URL ""
| #define PACKAGE "resid"
| #define VERSION "1.0-pre2"
| /* end confdefs.h.  */
| #include <ac_nonexistent.h>
configure:4048: result: g++ -E
configure:4068: g++ -E  conftest.cpp
configure:4068: $? = 0
configure:4082: g++ -E  conftest.cpp
conftest.cpp:11:10: fatal error: 'ac_nonexistent.h' file not found
#include <ac_nonexistent.h>
         ^~~~~~~~~~~~~~~~~~
1 error generated.
configure:4082: $? = 1
configure: failed program was:
| /* confdefs.h */
| #define PACKAGE_NAME "reSID"
| #define PACKAGE_TARNAME "resid"
| #define PACKAGE_VERSION "1.0-pre2"
| #define PACKAGE_STRING "reSID 1.0-pre2"
| #define PACKAGE_BUGREPORT "resid@nimrod.no"
| #define PACKAGE_URL ""
| #define PACKAGE "resid"
| #define VERSION "1.0-pre2"
| /* end confdefs.h.  */
| #include <ac_nonexistent.h>
configure:4111: checking for grep that handles long lines and -e
configure:4169: result: /usr/bin/grep
configure:4174: checking for egrep
configure:4236: result: /usr/bin/grep -E
configure:4241: checking for ANSI C header files
configure:4261: g++ -c -g -Wall -O3 -march=native -ffast-math -fno-exceptions -mmacosx-version-min=10.9  conftest.cpp >&5
configure:4261: $? = 0
configure:4334: g++ -o conftest -g -Wall -O3 -march=native -ffast-math -fno-exceptions -mmacosx-version-min=10.9   conftest.cpp  >&5
configure:4334: $? = 0
configure:4334: ./conftest
configure:4334: $? = 0
configure:4345: result: yes
configure:4358: checking for sys/types.h
configure:4358: g++ -c -g -Wall -O3 -march=native -ffast-math -fno-exceptions -mmacosx-version-min=10.9  conftest.cpp >&5
configure:4358: $? = 0
configure:4358: result: yes
configure:4358: checking for sys/stat.h
configure:4358: g++ -c -g -Wall -O3 -march=native -ffast-math -fno-exceptions -mmacosx-version-min=10.9  conftest.cpp >&5
configure:4358: $? = 0
configure:4358: result: yes
configure:4358: checking for stdlib.h
configure:4358: g++ -c -g -Wall -O3 -march=native -ffast-math -fno-exceptions -mmacosx-version-min=10.9  conftest.cpp >&5
configure:4358: $? = 0
configure:4358: result: yes
configure:4358: checking for string.h
configure:4358: g++ -c -g -Wall -O3 -march=native -ffast-math -fno-exceptions -mmacosx-version-min=10.9  conftest.cpp >&5
configure:4358: $? = 0
configure:4358: result: yes
configure:4358: checking for memory.h
configure:4358: g++ -c -g -Wall -O3 -march=native -ffast-math -fno-exceptions -mmacosx-version-min=10.9  conftest.cpp >&5
configure:4358: $? = 0
configure:4358: result: yes
configure:4358: checking for strings.h
configure:4358: g++ -c -g -Wall -O3 -march=native -ffast-math -fno-exceptions -mmacosx-version-min=10.9  conftest.cpp >&5
configure:4358: $? = 0
configure:4358: result: yes
configure:4358: checking for inttypes.h
configure:4358: g++ -c -g -Wall -O3 -march=native -ffast-math -fno-exceptions -mmacosx-version-min=10.9  conftest.cpp >&5
configure:4358: $? = 0
configure:4358: result: yes
configure:4358: checking for stdint.h
configure:4358: g++ -c -g -Wall -O3 -march=native -ffast-math -fno-exceptions -mmacosx-version-min=10.9  conftest.cpp >&5
configure:4358: $? = 0
configure:4358: result: yes
configure:4358: checking for unistd.h
configure:4358: g++ -c -g -Wall -O3 -march=native -ffast-math -fno-exceptions -mmacosx-version-min=10.9  conftest.cpp >&5
configure:4358: $? = 0
configure:4358: result: yes
configure:4370: checking math.h usability
configure:4370: g++ -c -g -Wall -O3 -march=native -ffast-math -fno-exceptions -mmacosx-version-min=10.9  conftest.cpp >&5
configure:4370: $? = 0
configure:4370: result: yes
configure:4370: checking math.h presence
configure:4370: g++ -E  conftest.cpp
configure:4370: $? = 0
configure:4370: result: yes
configure:4370: checking for math.h
configure:4370: result: yes
configure:4383: checking size of int
configure:4388: g++ -o conftest -g -Wall -O3 -march=native -ffast-math -fno-exceptions -mmacosx-version-min=10.9   conftest.cpp  >&5
configure:4388: $? = 0
configure:4388: ./conftest
configure:4388: $? = 0
configure:4402: result: 4
configure:4417: checking for working bool
configure:4426: g++ -c -g -Wall -O3 -march=native -ffast-math -fno-exceptions -mmacosx-version-min=10.9  conftest.cpp >&5
configure:4426: $? = 0
configure:4433: result: yes
configure:4444: checking for __builtin_expect
configure:4453: g++ -c -g -Wall -O3 -march=native -ffast-math -fno-exceptions -mmacosx-version-min=10.9  conftest.cpp >&5
conftest.cpp:22:14: warning: ignoring return value of function declared with const attribute [-Wunused-value]
int main() { __builtin_expect(0, 0); }
             ^~~~~~~~~~~~~~~~ ~~~~
1 warning generated.
configure:4453: $? = 0
configure:4460: result: yes
configure:4471: checking for log1p
configure:4487: g++ -c -g -Wall -O3 -march=native -ffast-math -fno-exceptions -mmacosx-version-min=10.9  conftest.cpp >&5
configure:4487: $? = 0
configure:4494: result: yes
configure:4652: checking that generated files are newer than configure
configure:4658: result: done
configure:4685: creating ./config.status

## ---------------- ##
## Cache variables. ##
## ---------------- ##

ac_cv_build=x86_64-apple-darwin20.1.0
ac_cv_cxx_compiler_gnu=yes
ac_cv_env_CCC_set=
ac_cv_env_CCC_value=
ac_cv_env_CPPFLAGS_set=
ac_cv_env_CPPFLAGS_value=
ac_cv_env_CXXCPP_set=
ac_cv_env_CXXCPP_value=
ac_cv_env_CXXFLAGS_set=
ac_cv_env_CXXFLAGS_value=
ac_cv_env_CXX_set=
ac_cv_env_CXX_value=
ac_cv_env_LDFLAGS_set=
ac_cv_env_LDFLAGS_value=
ac_cv_env_LIBS_set=
ac_cv_env_LIBS_value=
ac_cv_env_build_alias_set=
ac_cv_env_build_alias_value=
ac_cv_env_host_alias_set=
ac_cv_env_host_alias_value=
ac_cv_env_target_alias_set=
ac_cv_env_target_alias_value=
ac_cv_header_inttypes_h=yes
ac_cv_header_math_h=yes
ac_cv_header_memory_h=yes
ac_cv_header_stdc=yes
ac_cv_header_stdint_h=yes
ac_cv_header_stdlib_h=yes
ac_cv_header_string_h=yes
ac_cv_header_strings_h=yes
ac_cv_header_sys_stat_h=yes
ac_cv_header_sys_types_h=yes
ac_cv_header_unistd_h=yes
ac_cv_host=x86_64-apple-darwin20.1.0
ac_cv_objext=o
ac_cv_path_EGREP='/usr/bin/grep -E'
ac_cv_path_GREP=/usr/bin/grep
ac_cv_path_PERL=/usr/bin/perl
ac_cv_path_install='/usr/local/bin/ginstall -c'
ac_cv_path_mkdir=/usr/local/bin/gmkdir
ac_cv_prog_AR=ar
ac_cv_prog_AWK=gawk
ac_cv_prog_CXXCPP='g++ -E'
ac_cv_prog_ac_ct_CXX=g++
ac_cv_prog_ac_ct_RANLIB=ranlib
ac_cv_prog_cxx_g=yes
ac_cv_prog_make_make_set=yes
ac_cv_sizeof_int=4
am_cv_CXX_dependencies_compiler_type=gcc3
am_cv_make_support_nested_variables=yes
resid_cv_builtin_expect=yes
resid_cv_cxx_bool=yes
resid_cv_log1p=yes

## ----------------- ##
## Output variables. ##
## ----------------- ##

ACLOCAL='${SHELL} '\''/Users/chris/projects/sidofon/resid/missing'\'' aclocal-1.16'
AMDEPBACKSLASH='\'
AMDEP_FALSE='#'
AMDEP_TRUE=''
AMTAR='$${TAR-tar}'
AM_BACKSLASH='\'
AM_DEFAULT_V='$(AM_DEFAULT_VERBOSITY)'
AM_DEFAULT_VERBOSITY='1'
AM_V='$(V)'
AR='ar'
AUTOCONF='${SHELL} '\''/Users/chris/projects/sidofon/resid/missing'\'' autoconf'
AUTOHEADER='${SHELL} '\''/Users/chris/projects/sidofon/resid/missing'\'' autoheader'
AUTOMAKE='${SHELL} '\''/Users/chris/projects/sidofon/resid/missing'\'' automake-1.16'
AWK='gawk'
CPPFLAGS=''
CXX='g++'
CXXCPP='g++ -E'
CXXDEPMODE='depmode=gcc3'
CXXFLAGS='-g -Wall -O3 -march=native -ffast-math -fno-exceptions -mmacosx-version-min=10.9'
CYGPATH_W='echo'
DEFS='-DPACKAGE_NAME=\"reSID\" -DPACKAGE_TARNAME=\"resid\" -DPACKAGE_VERSION=\"1.0-pre2\" -DPACKAGE_STRING=\"reSID\ 1.0-pre2\" -DPACKAGE_BUGREPORT=\"resid@nimrod.no\" -DPACKAGE_URL=\"\" -DPACKAGE=\"resid\" -DVERSION=\"1.0-pre2\" -DSTDC_HEADERS=1 -DHAVE_SYS_TYPES_H=1 -DHAVE_SYS_STAT_H=1 -DHAVE_STDLIB_H=1 -DHAVE_STRING_H=1 -DHAVE_MEMORY_H=1 -DHAVE_STRINGS_H=1 -DHAVE_INTTYPES_H=1 -DHAVE_STDINT_H=1 -DHAVE_UNISTD_H=1 -DSIZEOF_INT=4'
DEPDIR='.deps'
ECHO_C='\c'
ECHO_N=''
ECHO_T=''
EGREP='/usr/bin/grep -E'
EXEEXT=''
GREP='/usr/bin/grep'
HAVE_BOOL='1'
HAVE_BUILTIN_EXPECT='1'
HAVE_LOG1P='1'
INSTALL_DATA='${INSTALL} -m 644'
INSTALL_PROGRAM='${INSTALL}'
INSTALL_SCRIPT='${INSTALL}'
INSTALL_STRIP_PROGRAM='$(install_sh) -c -s'
LDFLAGS=''
LIBOBJS=''
LIBS=''
LTLIBOBJS=''
MAKEINFO='${SHELL} '\''/Users/chris/projects/sidofon/resid/missing'\'' makeinfo'
MKDIR_P='/usr/local/bin/gmkdir -p'
NEW_8580_FILTER='0'
NEW_8580_FILTER_FALSE=''
NEW_8580_FILTER_TRUE='#'
OBJEXT='o'
PACKAGE='resid'
PACKAGE_BUGREPORT='resid@nimrod.no'
PACKAGE_NAME='reSID'
PACKAGE_STRING='reSID 1.0-pre2'
PACKAGE_TARNAME='resid'
PACKAGE_URL=''
PACKAGE_VERSION='1.0-pre2'
PATH_SEPARATOR=':'
PERL='/usr/bin/perl'
RANLIB='ranlib'
RESID_BRANCH_HINTS='1'
RESID_INLINE='inline'
RESID_INLINING='1'
SET_MAKE=''
SHELL='/bin/sh'
STRIP=''
VERSION='1.0-pre2'
ac_ct_CXX='g++'
am__EXEEXT_FALSE=''
am__EXEEXT_TRUE='#'
am__fastdepCXX_FALSE='#'
am__fastdepCXX_TRUE=''
am__include='include'
am__isrc=' -I$(srcdir)'
am__leading_dot='.'
am__nodep='_no'
am__quote=''
am__tar='$${TAR-tar} chof - "$$tardir"'
am__untar='$${TAR-tar} xf -'
bindir='${exec_prefix}/bin'
build='x86_64-apple-darwin20.1.0'
build_alias=''
build_cpu='x86_64'
build_os='darwin20.1.0'
build_vendor='apple'
datadir='${datarootdir}'
datarootdir='${prefix}/share'
docdir='${datarootdir}/doc/${PACKAGE_TARNAME}'
dvidir='${docdir}'
exec_prefix='${prefix}'
host='x86_64-apple-darwin20.1.0'
host_alias=''
host_cpu='x86_64'
host_os='darwin20.1.0'
host_vendor='apple'
htmldir='${docdir}'
includedir='${prefix}/include'
infodir='${datarootdir}/info'
install_sh='${SHELL} /Users/chris/projects/sidofon/resid/install-sh'
libdir='${exec_prefix}/lib'
libexecdir='${exec_prefix}/libexec'
localedir='${datarootdir}/locale'
localstatedir='${prefix}/var'
mandir='${datarootdir}/man'
mkdir_p='$(MKDIR_P)'
oldincludedir='/usr/include'
pdfdir='${docdir}'
prefix='/usr/local'
program_transform_name='s,x,x,'
psdir='${docdir}'
sbindir='${exec_prefix}/sbin'
sharedstatedir='${prefix}/com'
sysconfdir='${prefix}/etc'
target_alias=''

## ----------- ##
## confdefs.h. ##
## ----------- ##

/* confdefs.h */
#define PACKAGE_NAME "reSID"
#define PACKAGE_TARNAME "resid"
#define PACKAGE_VERSION "1.0-pre2"
#define PACKAGE_STRING "reSID 1.0-pre2"
#define PACKAGE_BUGREPORT "resid@nimrod.no"
#define PACKAGE_URL ""
#define PACKAGE "resid"
#define VERSION "1.0-pre2"
#define STDC_HEADERS 1
#define HAVE_SYS_TYPES_H 1
#define HAVE_SYS_STAT_H 1
#define HAVE_STDLIB_H 1
#define HAVE_STRING_H 1
#define HAVE_MEMORY_H 1
#define HAVE_STRINGS_H 1
#define HAVE_INTTYPES_H 1
#define HAVE_STDINT_H 1
#define HAVE_UNISTD_H 1
#define SIZEOF_INT 4

configure: exit 0

## ---------------------- ##
## Running config.status. ##
## ---------------------- ##

This file was extended by reSID config.status 1.0-pre2, which was
generated by GNU Autoconf 2.69.  Invocation command line was

  CONFIG_FILES    = 
  CONFIG_HEADERS  = 
  CONFIG_LINKS    = 
  CONFIG_COMMANDS = 
  $ ./config.status 

on luggage.fritz.box

config.status:797: creating Makefile
config.status:797: creating siddefs.h
config.status:954: executing depfiles commands
config.status:1031: cd .       && sed -e '/# am--include-marker/d' Makefile         | make -f - am--depfiles
make[1]: Nothing to be done for `am--depfiles'.
config.status:1036: $? = 0
